<?xml version="1.0" encoding="UTF-8"?>
<!-- Generated by org.testng.reporters.JUnitReportReporter -->
<testsuite hostname="DESKTOP-FEDTOVE" failures="0" tests="1" name="practice.CreateOrganizartionTest" time="37.334" errors="0" timestamp="2024-08-12T22:22:46 IST" skipped="0">
  <testcase classname="practice.CreateOrganizartionTest" name="createOrg" time="37.334">
    <system-out>
      <![CDATA[==ORGANIZATION IS CREATED AND TC IS PASSED==]]>
    </system-out>
  </testcase> <!-- createOrg -->
  <system-out>
    <![CDATA[===DB CONNECTION===
ChromeBrowser has Launched
User  gets Login To app Successfully
==ORGANIZATION IS CREATED AND TC IS PASSED==
User  gets Logout From app Successfully
Close Browser
===DB DISCONNECTION===]]>
  </system-out>
</testsuite> <!-- practice.CreateOrganizartionTest -->
