<?xml version="1.0" encoding="UTF-8"?>
<!-- Generated by org.testng.reporters.JUnitReportReporter -->
<testsuite hostname="DESKTOP-FEDTOVE" failures="0" tests="1" name="practice.A" time="2.392" errors="0" timestamp="2024-08-09T20:13:29 IST" skipped="0">
  <testcase classname="practice.A" name="takescnnshot" time="2.392"/>
</testsuite> <!-- practice.A -->
